{
  "RSpec": {
    "coverage": {
      "/home/jacqueline/thoughtbot/hashtag2/app/controllers/application_controller.rb": [
        1,
        1,
        null
      ],
      "/home/jacqueline/thoughtbot/hashtag2/app/helpers/application_helper.rb": [
        1,
        null
      ],
      "/home/jacqueline/thoughtbot/hashtag2/app/helpers/searches_helper.rb": [
        1,
        null
      ],
      "/home/jacqueline/thoughtbot/hashtag2/app/controllers/searches_controller.rb": [
        1,
        1,
        2,
        null,
        null,
        1,
        2,
        null,
        null
      ],
      "/home/jacqueline/thoughtbot/hashtag2/app/models/searcher.rb": [
        1,
        null,
        null,
        null,
        null,
        1,
        1,
        null,
        null,
        1,
        null,
        1,
        0,
        null,
        null,
        null
      ],
      "/home/jacqueline/thoughtbot/hashtag2/lib/fake_twitter.rb": [
        1,
        1,
        0,
        null,
        null,
        1,
        1,
        4,
        null,
        null
      ]
    },
    "timestamp": 1388948043
  }
}
